{
  "uid" : "34427589fa8d6528",
  "name" : "test_message_disappeared_after_adding_product_to_basket",
  "fullName" : "PycharmProjects.stepik_lessons.module_5.test_product_page.TestProductPage#test_message_disappeared_after_adding_product_to_basket",
  "historyId" : "bfe86e05ab9b6ba867be58143dc343b7",
  "time" : {
    "start" : 1616258844003,
    "stop" : 1616258852224,
    "duration" : 8221
  },
  "status" : "skipped",
  "statusMessage" : "XFAIL this bug is never going to be fixed\n\nAssertionError: Success message is presented, but should disappear",
  "statusTrace" : "self = <module_5.test_product_page.TestProductPage object at 0x0000023B379338E0>, browser = <selenium.webdriver.chrome.webdriver.WebDriver (session=\"41a598d2e4eff740b01d3da278ecf0d9\")>\n\n    @pytest.mark.xfail(reason=\"this bug is never going to be fixed\")\n    def test_message_disappeared_after_adding_product_to_basket(self, browser):\n        page = ProductPage(browser, link)\n        page.open()\n        page.add_to_basket()\n>       page.should_disappear_success_message()\n\ntest_product_page.py:38: \n_ _ _ _ _ _ _ _ _ _ _ _ _ _ _ _ _ _ _ _ _ _ _ _ _ _ _ _ _ _ _ _ _ _ _ _ _ _ _ _ _ _ _ _ _ _ _ _ _ _ _ _ _ _ _ _ _ _ _ _ _ _ _ _ _ _ _ _ _ _ _ _ _ _ _ _ _ _ _ _ _ _ _ _ _ _ _ _ _ _ _ _ _ \n\nself = <module_5.pages.product_page.ProductPage object at 0x0000023B37861070>\n\n    def should_disappear_success_message(self):\n>       assert self.is_disappeared(*ProductPageLocators.SUCCESS_MESSAGE), \\\n            \"Success message is presented, but should disappear\"\nE       AssertionError: Success message is presented, but should disappear\n\npages\\product_page.py:31: AssertionError",
  "flaky" : false,
  "newFailed" : false,
  "beforeStages" : [ {
    "name" : "browser",
    "time" : {
      "start" : 1616258842739,
      "stop" : 1616258844002,
      "duration" : 1263
    },
    "status" : "passed",
    "steps" : [ ],
    "attachments" : [ ],
    "parameters" : [ ],
    "attachmentsCount" : 0,
    "shouldDisplayMessage" : false,
    "stepsCount" : 0,
    "hasContent" : false
  } ],
  "testStage" : {
    "status" : "skipped",
    "statusMessage" : "XFAIL this bug is never going to be fixed\n\nAssertionError: Success message is presented, but should disappear",
    "statusTrace" : "self = <module_5.test_product_page.TestProductPage object at 0x0000023B379338E0>, browser = <selenium.webdriver.chrome.webdriver.WebDriver (session=\"41a598d2e4eff740b01d3da278ecf0d9\")>\n\n    @pytest.mark.xfail(reason=\"this bug is never going to be fixed\")\n    def test_message_disappeared_after_adding_product_to_basket(self, browser):\n        page = ProductPage(browser, link)\n        page.open()\n        page.add_to_basket()\n>       page.should_disappear_success_message()\n\ntest_product_page.py:38: \n_ _ _ _ _ _ _ _ _ _ _ _ _ _ _ _ _ _ _ _ _ _ _ _ _ _ _ _ _ _ _ _ _ _ _ _ _ _ _ _ _ _ _ _ _ _ _ _ _ _ _ _ _ _ _ _ _ _ _ _ _ _ _ _ _ _ _ _ _ _ _ _ _ _ _ _ _ _ _ _ _ _ _ _ _ _ _ _ _ _ _ _ _ \n\nself = <module_5.pages.product_page.ProductPage object at 0x0000023B37861070>\n\n    def should_disappear_success_message(self):\n>       assert self.is_disappeared(*ProductPageLocators.SUCCESS_MESSAGE), \\\n            \"Success message is presented, but should disappear\"\nE       AssertionError: Success message is presented, but should disappear\n\npages\\product_page.py:31: AssertionError",
    "steps" : [ ],
    "attachments" : [ {
      "uid" : "22e1e5d84a5280b1",
      "name" : "stdout",
      "source" : "22e1e5d84a5280b1.txt",
      "type" : "text/plain",
      "size" : 49
    } ],
    "parameters" : [ ],
    "attachmentsCount" : 1,
    "shouldDisplayMessage" : true,
    "stepsCount" : 0,
    "hasContent" : true
  },
  "afterStages" : [ {
    "name" : "browser::0",
    "time" : {
      "start" : 1616258852224,
      "stop" : 1616258855934,
      "duration" : 3710
    },
    "status" : "passed",
    "steps" : [ ],
    "attachments" : [ ],
    "parameters" : [ ],
    "attachmentsCount" : 0,
    "shouldDisplayMessage" : false,
    "stepsCount" : 0,
    "hasContent" : false
  } ],
  "labels" : [ {
    "name" : "tag",
    "value" : "@pytest.mark.xfail(reason='this bug is never going to be fixed')"
  }, {
    "name" : "parentSuite",
    "value" : "PycharmProjects.stepik_lessons.module_5"
  }, {
    "name" : "suite",
    "value" : "test_product_page"
  }, {
    "name" : "subSuite",
    "value" : "TestProductPage"
  }, {
    "name" : "host",
    "value" : "dp25"
  }, {
    "name" : "thread",
    "value" : "16364-MainThread"
  }, {
    "name" : "framework",
    "value" : "pytest"
  }, {
    "name" : "language",
    "value" : "cpython3"
  }, {
    "name" : "package",
    "value" : "PycharmProjects.stepik_lessons.module_5.test_product_page"
  }, {
    "name" : "resultFormat",
    "value" : "allure2"
  } ],
  "parameters" : [ ],
  "links" : [ ],
  "hidden" : false,
  "retry" : false,
  "extra" : {
    "severity" : "normal",
    "retries" : [ ],
    "categories" : [ ],
    "tags" : [ "@pytest.mark.xfail(reason='this bug is never going to be fixed')" ]
  },
  "source" : "34427589fa8d6528.json",
  "parameterValues" : [ ]
}